0 verbose cli /usr/bin/node /usr/bin/npm
1 info using npm@10.9.1
2 info using node@v22.22.2
3 silly config load:file:/usr/lib/node_modules/npm/npmrc
4 silly config load:file:/public/.cache/typescript/6.0/.npmrc
5 silly config load:file:/public/.npmrc
6 silly config load:file:/etc/npmrc
7 verbose title npm install types-registry@latest
8 verbose argv "install" "--ignore-scripts" "types-registry@latest"
9 verbose logfile logs-max:10 dir:/public/.npm/_logs/2026-06-16T05_01_29_168Z-
10 verbose logfile /public/.npm/_logs/2026-06-16T05_01_29_168Z-debug-0.log
11 silly logfile done cleaning log files
12 silly packumentCache heap:2047606784 maxSize:511901696 maxEntrySize:255950848
13 silly packumentCache corgi:https://registry.npmjs.org/types-registry cache-miss
14 http fetch GET 200 https://registry.npmjs.org/types-registry 766ms (cache revalidated)
15 silly packumentCache corgi:https://registry.npmjs.org/types-registry set size:626882 disposed:false
16 silly idealTree buildDeps
17 silly fetch manifest types-registry@0.1.774
18 silly packumentCache full:https://registry.npmjs.org/types-registry cache-miss
19 http fetch GET 200 https://registry.npmjs.org/types-registry 156ms (cache revalidated)
20 silly packumentCache full:https://registry.npmjs.org/types-registry set size:1359482 disposed:false
21 silly placeDep ROOT types-registry@0.1.774 REPLACE for:  want: 0.1.774
22 silly reify moves {}
23 silly audit bulk request {
23 silly audit   '@types/body-parser': [ '1.19.6' ],
23 silly audit   '@types/connect': [ '3.4.38' ],
23 silly audit   '@types/cors': [ '2.8.19' ],
23 silly audit   '@types/express': [ '5.0.6' ],
23 silly audit   '@types/express-serve-static-core': [ '5.1.1' ],
23 silly audit   '@types/http-errors': [ '2.0.5' ],
23 silly audit   '@types/node': [ '25.9.3' ],
23 silly audit   '@types/qs': [ '6.15.1' ],
23 silly audit   '@types/range-parser': [ '1.2.7' ],
23 silly audit   '@types/react': [ '19.2.17' ],
23 silly audit   '@types/react-dom': [ '19.2.3' ],
23 silly audit   '@types/send': [ '1.2.1' ],
23 silly audit   '@types/serve-static': [ '2.2.0' ],
23 silly audit   csstype: [ '3.2.3' ],
23 silly audit   'undici-types': [ '7.24.6' ],
23 silly audit   'types-registry': [ '0.1.774' ]
23 silly audit }
24 http fetch POST 200 https://registry.npmjs.org/-/npm/v1/security/advisories/bulk 331ms
25 silly audit report {}
26 verbose cwd /public/.cache/typescript/6.0
27 verbose os Linux 4.19.191-g41a80bb8d033-dirty
28 verbose node v22.22.2
29 verbose npm  v10.9.1
30 verbose exit 0
31 info ok
