0 verbose cli /usr/bin/node /usr/bin/npm
1 info using npm@10.9.1
2 info using node@v22.22.2
3 silly config load:file:/usr/lib/node_modules/npm/npmrc
4 silly config load:file:/public/Mizu/backend/.npmrc
5 silly config load:file:/public/.npmrc
6 silly config load:file:/etc/npmrc
7 verbose title npm install
8 verbose argv "install"
9 verbose logfile logs-max:10 dir:/public/.npm/_logs/2026-06-16T04_52_42_075Z-
10 verbose logfile /public/.npm/_logs/2026-06-16T04_52_42_075Z-debug-0.log
11 silly logfile done cleaning log files
12 silly packumentCache heap:2047606784 maxSize:511901696 maxEntrySize:255950848
13 silly idealTree buildDeps
14 silly fetch manifest cheerio@^1.2.0
15 silly packumentCache full:https://registry.npmjs.org/cheerio cache-miss
16 http fetch GET 200 https://registry.npmjs.org/cheerio 767ms (cache miss)
17 silly packumentCache full:https://registry.npmjs.org/cheerio set size:undefined disposed:false
18 silly fetch manifest cors@^2.8.6
19 silly packumentCache full:https://registry.npmjs.org/cors cache-miss
20 http fetch GET 200 https://registry.npmjs.org/cors 123ms (cache miss)
21 silly packumentCache full:https://registry.npmjs.org/cors set size:undefined disposed:false
22 silly fetch manifest express@^5.2.1
23 silly packumentCache full:https://registry.npmjs.org/express cache-miss
24 http fetch GET 200 https://registry.npmjs.org/express 172ms (cache miss)
25 silly packumentCache full:https://registry.npmjs.org/express set size:undefined disposed:false
26 silly placeDep ROOT cheerio@1.2.0 OK for:  want: ^1.2.0
27 silly placeDep ROOT cors@2.8.6 OK for:  want: ^2.8.6
28 silly placeDep ROOT express@5.2.1 OK for:  want: ^5.2.1
29 silly fetch manifest parse5@^7.3.0
30 silly packumentCache full:https://registry.npmjs.org/parse5 cache-miss
31 http fetch GET 200 https://registry.npmjs.org/parse5 122ms (cache miss)
32 silly packumentCache full:https://registry.npmjs.org/parse5 set size:undefined disposed:false
33 silly fetch manifest undici@^7.19.0
34 silly packumentCache full:https://registry.npmjs.org/undici cache-miss
35 http fetch GET 200 https://registry.npmjs.org/undici 333ms (cache miss)
36 silly packumentCache full:https://registry.npmjs.org/undici set size:undefined disposed:false
37 silly fetch manifest domutils@^3.2.2
38 silly packumentCache full:https://registry.npmjs.org/domutils cache-miss
39 http fetch GET 200 https://registry.npmjs.org/domutils 508ms (cache miss)
40 silly packumentCache full:https://registry.npmjs.org/domutils set size:undefined disposed:false
41 silly fetch manifest domhandler@^5.0.3
42 silly packumentCache full:https://registry.npmjs.org/domhandler cache-miss
43 http fetch GET 200 https://registry.npmjs.org/domhandler 326ms (cache miss)
44 silly packumentCache full:https://registry.npmjs.org/domhandler set size:undefined disposed:false
45 silly fetch manifest htmlparser2@^10.1.0
46 silly packumentCache full:https://registry.npmjs.org/htmlparser2 cache-miss
47 http fetch GET 200 https://registry.npmjs.org/htmlparser2 237ms (cache miss)
48 silly packumentCache full:https://registry.npmjs.org/htmlparser2 set size:undefined disposed:false
49 silly fetch manifest cheerio-select@^2.1.0
50 silly packumentCache full:https://registry.npmjs.org/cheerio-select cache-miss
51 http fetch GET 200 https://registry.npmjs.org/cheerio-select 739ms (cache miss)
52 silly packumentCache full:https://registry.npmjs.org/cheerio-select set size:undefined disposed:false
53 silly fetch manifest dom-serializer@^2.0.0
54 silly packumentCache full:https://registry.npmjs.org/dom-serializer cache-miss
55 http fetch GET 200 https://registry.npmjs.org/dom-serializer 195ms (cache miss)
56 silly packumentCache full:https://registry.npmjs.org/dom-serializer set size:undefined disposed:false
57 silly fetch manifest whatwg-mimetype@^4.0.0
58 silly packumentCache full:https://registry.npmjs.org/whatwg-mimetype cache-miss
59 http fetch GET 200 https://registry.npmjs.org/whatwg-mimetype 97ms (cache miss)
60 silly packumentCache full:https://registry.npmjs.org/whatwg-mimetype set size:undefined disposed:false
61 silly fetch manifest encoding-sniffer@^0.2.1
62 silly packumentCache full:https://registry.npmjs.org/encoding-sniffer cache-miss
63 http fetch GET 200 https://registry.npmjs.org/encoding-sniffer 111ms (cache miss)
64 silly packumentCache full:https://registry.npmjs.org/encoding-sniffer set size:undefined disposed:false
65 silly fetch manifest parse5-parser-stream@^7.1.2
66 silly packumentCache full:https://registry.npmjs.org/parse5-parser-stream cache-miss
67 http fetch GET 200 https://registry.npmjs.org/parse5-parser-stream 130ms (cache miss)
68 silly packumentCache full:https://registry.npmjs.org/parse5-parser-stream set size:undefined disposed:false
69 silly fetch manifest parse5-htmlparser2-tree-adapter@^7.1.0
70 silly packumentCache full:https://registry.npmjs.org/parse5-htmlparser2-tree-adapter cache-miss
71 http fetch GET 200 https://registry.npmjs.org/parse5-htmlparser2-tree-adapter 98ms (cache miss)
72 silly packumentCache full:https://registry.npmjs.org/parse5-htmlparser2-tree-adapter set size:undefined disposed:false
73 silly fetch manifest object-assign@^4
74 silly packumentCache full:https://registry.npmjs.org/object-assign cache-miss
75 http fetch GET 200 https://registry.npmjs.org/object-assign 141ms (cache miss)
76 silly packumentCache full:https://registry.npmjs.org/object-assign set size:undefined disposed:false
77 silly fetch manifest vary@^1
78 silly packumentCache full:https://registry.npmjs.org/vary cache-miss
79 http fetch GET 200 https://registry.npmjs.org/vary 302ms (cache miss)
80 silly packumentCache full:https://registry.npmjs.org/vary set size:undefined disposed:false
81 silly fetch manifest qs@^6.14.0
82 silly packumentCache full:https://registry.npmjs.org/qs cache-miss
83 http fetch GET 200 https://registry.npmjs.org/qs 266ms (cache miss)
84 silly packumentCache full:https://registry.npmjs.org/qs set size:undefined disposed:false
85 silly fetch manifest depd@^2.0.0
86 silly packumentCache full:https://registry.npmjs.org/depd cache-miss
87 http fetch GET 200 https://registry.npmjs.org/depd 144ms (cache miss)
88 silly packumentCache full:https://registry.npmjs.org/depd set size:undefined disposed:false
89 silly fetch manifest etag@^1.8.1
90 silly packumentCache full:https://registry.npmjs.org/etag cache-miss
91 http fetch GET 200 https://registry.npmjs.org/etag 107ms (cache miss)
92 silly packumentCache full:https://registry.npmjs.org/etag set size:undefined disposed:false
93 silly fetch manifest once@^1.4.0
94 silly packumentCache full:https://registry.npmjs.org/once cache-miss
95 http fetch GET 200 https://registry.npmjs.org/once 95ms (cache miss)
96 silly packumentCache full:https://registry.npmjs.org/once set size:undefined disposed:false
97 silly fetch manifest send@^1.1.0
98 silly packumentCache full:https://registry.npmjs.org/send cache-miss
99 http fetch GET 200 https://registry.npmjs.org/send 115ms (cache miss)
100 silly packumentCache full:https://registry.npmjs.org/send set size:undefined disposed:false
101 silly fetch manifest vary@^1.1.2
102 silly packumentCache full:https://registry.npmjs.org/vary cache-miss
103 http cache https://registry.npmjs.org/vary 141ms (cache hit)
104 silly packumentCache full:https://registry.npmjs.org/vary set size:15994 disposed:false
105 silly fetch manifest debug@^4.4.0
106 silly packumentCache full:https://registry.npmjs.org/debug cache-miss
107 http fetch GET 200 https://registry.npmjs.org/debug 137ms (cache miss)
108 silly packumentCache full:https://registry.npmjs.org/debug set size:undefined disposed:false
109 silly fetch manifest fresh@^2.0.0
110 silly packumentCache full:https://registry.npmjs.org/fresh cache-miss
111 http fetch GET 200 https://registry.npmjs.org/fresh 91ms (cache miss)
112 silly packumentCache full:https://registry.npmjs.org/fresh set size:undefined disposed:false
113 silly fetch manifest cookie@^0.7.1
114 silly packumentCache full:https://registry.npmjs.org/cookie cache-miss
115 http fetch GET 200 https://registry.npmjs.org/cookie 109ms (cache miss)
116 silly packumentCache full:https://registry.npmjs.org/cookie set size:undefined disposed:false
117 silly fetch manifest router@^2.2.0
118 silly packumentCache full:https://registry.npmjs.org/router cache-miss
119 http fetch GET 200 https://registry.npmjs.org/router 125ms (cache miss)
120 silly packumentCache full:https://registry.npmjs.org/router set size:undefined disposed:false
121 silly fetch manifest accepts@^2.0.0
122 silly packumentCache full:https://registry.npmjs.org/accepts cache-miss
123 http fetch GET 200 https://registry.npmjs.org/accepts 109ms (cache miss)
124 silly packumentCache full:https://registry.npmjs.org/accepts set size:undefined disposed:false
125 silly fetch manifest type-is@^2.0.1
126 silly packumentCache full:https://registry.npmjs.org/type-is cache-miss
127 http fetch GET 200 https://registry.npmjs.org/type-is 117ms (cache miss)
128 silly packumentCache full:https://registry.npmjs.org/type-is set size:undefined disposed:false
129 silly fetch manifest parseurl@^1.3.3
130 silly packumentCache full:https://registry.npmjs.org/parseurl cache-miss
131 http fetch GET 200 https://registry.npmjs.org/parseurl 98ms (cache miss)
132 silly packumentCache full:https://registry.npmjs.org/parseurl set size:undefined disposed:false
133 silly fetch manifest statuses@^2.0.1
134 silly packumentCache full:https://registry.npmjs.org/statuses cache-miss
135 http fetch GET 200 https://registry.npmjs.org/statuses 98ms (cache miss)
136 silly packumentCache full:https://registry.npmjs.org/statuses set size:undefined disposed:false
137 silly fetch manifest encodeurl@^2.0.0
138 silly packumentCache full:https://registry.npmjs.org/encodeurl cache-miss
139 http fetch GET 200 https://registry.npmjs.org/encodeurl 87ms (cache miss)
140 silly packumentCache full:https://registry.npmjs.org/encodeurl set size:undefined disposed:false
141 silly fetch manifest mime-types@^3.0.0
142 silly packumentCache full:https://registry.npmjs.org/mime-types cache-miss
143 http fetch GET 200 https://registry.npmjs.org/mime-types 125ms (cache miss)
144 silly packumentCache full:https://registry.npmjs.org/mime-types set size:undefined disposed:false
145 silly fetch manifest proxy-addr@^2.0.7
146 silly packumentCache full:https://registry.npmjs.org/proxy-addr cache-miss
147 http fetch GET 200 https://registry.npmjs.org/proxy-addr 124ms (cache miss)
148 silly packumentCache full:https://registry.npmjs.org/proxy-addr set size:undefined disposed:false
149 silly fetch manifest body-parser@^2.2.1
150 silly packumentCache full:https://registry.npmjs.org/body-parser cache-miss
151 http fetch GET 200 https://registry.npmjs.org/body-parser 165ms (cache miss)
152 silly packumentCache full:https://registry.npmjs.org/body-parser set size:undefined disposed:false
153 silly fetch manifest escape-html@^1.0.3
154 silly packumentCache full:https://registry.npmjs.org/escape-html cache-miss
155 http fetch GET 200 https://registry.npmjs.org/escape-html 81ms (cache miss)
156 silly packumentCache full:https://registry.npmjs.org/escape-html set size:undefined disposed:false
157 silly fetch manifest http-errors@^2.0.0
158 silly packumentCache full:https://registry.npmjs.org/http-errors cache-miss
159 http fetch GET 200 https://registry.npmjs.org/http-errors 109ms (cache miss)
160 silly packumentCache full:https://registry.npmjs.org/http-errors set size:undefined disposed:false
161 silly fetch manifest on-finished@^2.4.1
162 silly packumentCache full:https://registry.npmjs.org/on-finished cache-miss
163 http fetch GET 200 https://registry.npmjs.org/on-finished 93ms (cache miss)
164 silly packumentCache full:https://registry.npmjs.org/on-finished set size:undefined disposed:false
165 silly fetch manifest content-type@^1.0.5
166 silly packumentCache full:https://registry.npmjs.org/content-type cache-miss
167 http fetch GET 200 https://registry.npmjs.org/content-type 83ms (cache miss)
168 silly packumentCache full:https://registry.npmjs.org/content-type set size:undefined disposed:false
169 silly fetch manifest finalhandler@^2.1.0
170 silly packumentCache full:https://registry.npmjs.org/finalhandler cache-miss
171 http fetch GET 200 https://registry.npmjs.org/finalhandler 125ms (cache miss)
172 silly packumentCache full:https://registry.npmjs.org/finalhandler set size:undefined disposed:false
173 silly fetch manifest range-parser@^1.2.1
174 silly packumentCache full:https://registry.npmjs.org/range-parser cache-miss
175 http fetch GET 200 https://registry.npmjs.org/range-parser 85ms (cache miss)
176 silly packumentCache full:https://registry.npmjs.org/range-parser set size:undefined disposed:false
177 silly fetch manifest serve-static@^2.2.0
178 silly packumentCache full:https://registry.npmjs.org/serve-static cache-miss
179 http fetch GET 200 https://registry.npmjs.org/serve-static 95ms (cache miss)
180 silly packumentCache full:https://registry.npmjs.org/serve-static set size:undefined disposed:false
181 silly fetch manifest cookie-signature@^1.2.1
182 silly packumentCache full:https://registry.npmjs.org/cookie-signature cache-miss
183 http fetch GET 200 https://registry.npmjs.org/cookie-signature 94ms (cache miss)
184 silly packumentCache full:https://registry.npmjs.org/cookie-signature set size:undefined disposed:false
185 silly fetch manifest merge-descriptors@^2.0.0
186 silly packumentCache full:https://registry.npmjs.org/merge-descriptors cache-miss
187 http fetch GET 200 https://registry.npmjs.org/merge-descriptors 131ms (cache miss)
188 silly packumentCache full:https://registry.npmjs.org/merge-descriptors set size:undefined disposed:false
189 silly fetch manifest content-disposition@^1.0.0
190 silly packumentCache full:https://registry.npmjs.org/content-disposition cache-miss
191 http fetch GET 200 https://registry.npmjs.org/content-disposition 119ms (cache miss)
192 silly packumentCache full:https://registry.npmjs.org/content-disposition set size:undefined disposed:false
193 silly placeDep ROOT cheerio-select@2.1.0 OK for: cheerio@1.2.0 want: ^2.1.0
194 silly placeDep ROOT dom-serializer@2.0.0 OK for: cheerio@1.2.0 want: ^2.0.0
195 silly placeDep ROOT domhandler@5.0.3 OK for: cheerio@1.2.0 want: ^5.0.3
196 silly placeDep ROOT domutils@3.2.2 OK for: cheerio@1.2.0 want: ^3.2.2
197 silly placeDep ROOT encoding-sniffer@0.2.1 OK for: cheerio@1.2.0 want: ^0.2.1
198 silly placeDep ROOT htmlparser2@10.1.0 OK for: cheerio@1.2.0 want: ^10.1.0
199 silly placeDep ROOT parse5@7.3.0 OK for: cheerio@1.2.0 want: ^7.3.0
200 silly placeDep ROOT parse5-htmlparser2-tree-adapter@7.1.0 OK for: cheerio@1.2.0 want: ^7.1.0
201 silly placeDep ROOT parse5-parser-stream@7.1.2 OK for: cheerio@1.2.0 want: ^7.1.2
202 silly placeDep ROOT undici@7.28.0 OK for: cheerio@1.2.0 want: ^7.19.0
203 silly placeDep ROOT whatwg-mimetype@4.0.0 OK for: cheerio@1.2.0 want: ^4.0.0
204 silly fetch manifest boolbase@^1.0.0
205 silly packumentCache full:https://registry.npmjs.org/boolbase cache-miss
206 http fetch GET 200 https://registry.npmjs.org/boolbase 86ms (cache miss)
207 silly packumentCache full:https://registry.npmjs.org/boolbase set size:undefined disposed:false
208 silly fetch manifest css-what@^6.1.0
209 silly packumentCache full:https://registry.npmjs.org/css-what cache-miss
210 http fetch GET 200 https://registry.npmjs.org/css-what 97ms (cache miss)
211 silly packumentCache full:https://registry.npmjs.org/css-what set size:undefined disposed:false
212 silly fetch manifest domutils@^3.0.1
213 silly packumentCache full:https://registry.npmjs.org/domutils cache-miss
214 http cache https://registry.npmjs.org/domutils 45ms (cache hit)
215 silly packumentCache full:https://registry.npmjs.org/domutils set size:110068 disposed:false
216 silly fetch manifest css-select@^5.1.0
217 silly packumentCache full:https://registry.npmjs.org/css-select cache-miss
218 http fetch GET 200 https://registry.npmjs.org/css-select 127ms (cache miss)
219 silly packumentCache full:https://registry.npmjs.org/css-select set size:undefined disposed:false
220 silly fetch manifest domelementtype@^2.3.0
221 silly packumentCache full:https://registry.npmjs.org/domelementtype cache-miss
222 http fetch GET 200 https://registry.npmjs.org/domelementtype 142ms (cache miss)
223 silly packumentCache full:https://registry.npmjs.org/domelementtype set size:undefined disposed:false
224 silly fetch manifest entities@^4.2.0
225 silly packumentCache full:https://registry.npmjs.org/entities cache-miss
226 http fetch GET 200 https://registry.npmjs.org/entities 150ms (cache miss)
227 silly packumentCache full:https://registry.npmjs.org/entities set size:undefined disposed:false
228 silly fetch manifest domhandler@^5.0.2
229 silly packumentCache full:https://registry.npmjs.org/domhandler cache-miss
230 http cache https://registry.npmjs.org/domhandler 39ms (cache hit)
231 silly packumentCache full:https://registry.npmjs.org/domhandler set size:78187 disposed:false
232 silly fetch manifest iconv-lite@^0.6.3
233 silly packumentCache full:https://registry.npmjs.org/iconv-lite cache-miss
234 http fetch GET 200 https://registry.npmjs.org/iconv-lite 111ms (cache miss)
235 silly packumentCache full:https://registry.npmjs.org/iconv-lite set size:undefined disposed:false
236 silly fetch manifest whatwg-encoding@^3.1.1
237 silly packumentCache full:https://registry.npmjs.org/whatwg-encoding cache-miss
238 http fetch GET 200 https://registry.npmjs.org/whatwg-encoding 100ms (cache miss)
239 silly packumentCache full:https://registry.npmjs.org/whatwg-encoding set size:undefined disposed:false
240 silly fetch manifest entities@^7.0.1
241 silly packumentCache full:https://registry.npmjs.org/entities cache-miss
242 http cache https://registry.npmjs.org/entities 41ms (cache hit)
243 silly packumentCache full:https://registry.npmjs.org/entities set size:101550 disposed:false
244 silly fetch manifest entities@^6.0.0
245 silly packumentCache full:https://registry.npmjs.org/entities cache-hit
246 silly placeDep ROOT boolbase@1.0.0 OK for: cheerio-select@2.1.0 want: ^1.0.0
247 silly placeDep ROOT css-select@5.2.2 OK for: cheerio-select@2.1.0 want: ^5.1.0
248 silly placeDep ROOT css-what@6.2.2 OK for: cheerio-select@2.1.0 want: ^6.1.0
249 silly placeDep ROOT domelementtype@2.3.0 OK for: cheerio-select@2.1.0 want: ^2.3.0
250 silly fetch manifest nth-check@^2.0.1
251 silly packumentCache full:https://registry.npmjs.org/nth-check cache-miss
252 http fetch GET 200 https://registry.npmjs.org/nth-check 97ms (cache miss)
253 silly packumentCache full:https://registry.npmjs.org/nth-check set size:undefined disposed:false
254 silly placeDep ROOT object-assign@4.1.1 OK for: cors@2.8.6 want: ^4
255 silly placeDep ROOT vary@1.1.2 OK for: cors@2.8.6 want: ^1
256 silly placeDep ROOT nth-check@2.1.1 OK for: css-select@5.2.2 want: ^2.0.1
257 silly placeDep ROOT entities@4.5.0 OK for: dom-serializer@2.0.0 want: ^4.2.0
258 silly placeDep ROOT iconv-lite@0.6.3 OK for: encoding-sniffer@0.2.1 want: ^0.6.3
259 silly placeDep ROOT whatwg-encoding@3.1.1 OK for: encoding-sniffer@0.2.1 want: ^3.1.1
260 silly fetch manifest safer-buffer@>= 2.1.2 < 3.0.0
261 silly packumentCache full:https://registry.npmjs.org/safer-buffer cache-miss
262 http fetch GET 200 https://registry.npmjs.org/safer-buffer 91ms (cache miss)
263 silly packumentCache full:https://registry.npmjs.org/safer-buffer set size:undefined disposed:false
264 silly placeDep ROOT accepts@2.0.0 OK for: express@5.2.1 want: ^2.0.0
265 silly placeDep ROOT body-parser@2.3.0 OK for: express@5.2.1 want: ^2.2.1
266 silly placeDep ROOT content-disposition@1.1.0 OK for: express@5.2.1 want: ^1.0.0
267 silly placeDep ROOT content-type@1.0.5 OK for: express@5.2.1 want: ^1.0.5
268 silly placeDep ROOT cookie@0.7.2 OK for: express@5.2.1 want: ^0.7.1
269 silly placeDep ROOT cookie-signature@1.2.2 OK for: express@5.2.1 want: ^1.2.1
270 silly placeDep ROOT debug@4.4.3 OK for: express@5.2.1 want: ^4.4.0
271 silly placeDep ROOT depd@2.0.0 OK for: express@5.2.1 want: ^2.0.0
272 silly placeDep ROOT encodeurl@2.0.0 OK for: express@5.2.1 want: ^2.0.0
273 silly placeDep ROOT escape-html@1.0.3 OK for: express@5.2.1 want: ^1.0.3
274 silly placeDep ROOT etag@1.8.1 OK for: express@5.2.1 want: ^1.8.1
275 silly placeDep ROOT finalhandler@2.1.1 OK for: express@5.2.1 want: ^2.1.0
276 silly placeDep ROOT fresh@2.0.0 OK for: express@5.2.1 want: ^2.0.0
277 silly placeDep ROOT http-errors@2.0.1 OK for: express@5.2.1 want: ^2.0.0
278 silly placeDep ROOT merge-descriptors@2.0.0 OK for: express@5.2.1 want: ^2.0.0
279 silly placeDep ROOT mime-types@3.0.2 OK for: express@5.2.1 want: ^3.0.0
280 silly placeDep ROOT on-finished@2.4.1 OK for: express@5.2.1 want: ^2.4.1
281 silly placeDep ROOT once@1.4.0 OK for: express@5.2.1 want: ^1.4.0
282 silly placeDep ROOT parseurl@1.3.3 OK for: express@5.2.1 want: ^1.3.3
283 silly placeDep ROOT proxy-addr@2.0.7 OK for: express@5.2.1 want: ^2.0.7
284 silly placeDep ROOT qs@6.15.2 OK for: express@5.2.1 want: ^6.14.0
285 silly placeDep ROOT range-parser@1.2.1 OK for: express@5.2.1 want: ^1.2.1
286 silly placeDep ROOT router@2.2.0 OK for: express@5.2.1 want: ^2.2.0
287 silly placeDep ROOT send@1.2.1 OK for: express@5.2.1 want: ^1.1.0
288 silly placeDep ROOT serve-static@2.2.1 OK for: express@5.2.1 want: ^2.2.0
289 silly placeDep ROOT statuses@2.0.2 OK for: express@5.2.1 want: ^2.0.1
290 silly placeDep ROOT type-is@2.1.0 OK for: express@5.2.1 want: ^2.0.1
291 silly fetch manifest negotiator@^1.0.0
292 silly packumentCache full:https://registry.npmjs.org/negotiator cache-miss
293 http fetch GET 200 https://registry.npmjs.org/negotiator 96ms (cache miss)
294 silly packumentCache full:https://registry.npmjs.org/negotiator set size:undefined disposed:false
295 silly fetch manifest bytes@^3.1.2
296 silly packumentCache full:https://registry.npmjs.org/bytes cache-miss
297 http fetch GET 200 https://registry.npmjs.org/bytes 93ms (cache miss)
298 silly packumentCache full:https://registry.npmjs.org/bytes set size:undefined disposed:false
299 silly fetch manifest content-type@^2.0.0
300 silly packumentCache full:https://registry.npmjs.org/content-type cache-miss
301 http cache https://registry.npmjs.org/content-type 24ms (cache hit)
302 silly packumentCache full:https://registry.npmjs.org/content-type set size:18994 disposed:false
303 silly fetch manifest debug@^4.4.3
304 silly packumentCache full:https://registry.npmjs.org/debug cache-miss
305 http cache https://registry.npmjs.org/debug 29ms (cache hit)
306 silly packumentCache full:https://registry.npmjs.org/debug set size:195840 disposed:false
307 silly fetch manifest http-errors@^2.0.1
308 silly packumentCache full:https://registry.npmjs.org/http-errors cache-miss
309 http cache https://registry.npmjs.org/http-errors 26ms (cache hit)
310 silly packumentCache full:https://registry.npmjs.org/http-errors set size:71987 disposed:false
311 silly fetch manifest iconv-lite@^0.7.2
312 silly packumentCache full:https://registry.npmjs.org/iconv-lite cache-miss
313 http cache https://registry.npmjs.org/iconv-lite 37ms (cache hit)
314 silly packumentCache full:https://registry.npmjs.org/iconv-lite set size:120557 disposed:false
315 silly fetch manifest qs@^6.15.2
316 silly packumentCache full:https://registry.npmjs.org/qs cache-miss
317 http cache https://registry.npmjs.org/qs 35ms (cache hit)
318 silly packumentCache full:https://registry.npmjs.org/qs set size:356906 disposed:false
319 silly fetch manifest raw-body@^3.0.2
320 silly packumentCache full:https://registry.npmjs.org/raw-body cache-miss
321 http fetch GET 200 https://registry.npmjs.org/raw-body 116ms (cache miss)
322 silly packumentCache full:https://registry.npmjs.org/raw-body set size:undefined disposed:false
323 silly fetch manifest type-is@^2.1.0
324 silly packumentCache full:https://registry.npmjs.org/type-is cache-miss
325 http cache https://registry.npmjs.org/type-is 27ms (cache hit)
326 silly packumentCache full:https://registry.npmjs.org/type-is set size:88614 disposed:false
327 silly fetch manifest ms@^2.1.3
328 silly packumentCache full:https://registry.npmjs.org/ms cache-miss
329 http fetch GET 200 https://registry.npmjs.org/ms 95ms (cache miss)
330 silly packumentCache full:https://registry.npmjs.org/ms set size:undefined disposed:false
331 silly fetch manifest inherits@~2.0.4
332 silly packumentCache full:https://registry.npmjs.org/inherits cache-miss
333 http fetch GET 200 https://registry.npmjs.org/inherits 152ms (cache miss)
334 silly packumentCache full:https://registry.npmjs.org/inherits set size:undefined disposed:false
335 silly fetch manifest setprototypeof@~1.2.0
336 silly packumentCache full:https://registry.npmjs.org/setprototypeof cache-miss
337 http fetch GET 200 https://registry.npmjs.org/setprototypeof 80ms (cache miss)
338 silly packumentCache full:https://registry.npmjs.org/setprototypeof set size:undefined disposed:false
339 silly fetch manifest statuses@~2.0.2
340 silly packumentCache full:https://registry.npmjs.org/statuses cache-miss
341 http cache https://registry.npmjs.org/statuses 26ms (cache hit)
342 silly packumentCache full:https://registry.npmjs.org/statuses set size:37117 disposed:false
343 silly fetch manifest toidentifier@~1.0.1
344 silly packumentCache full:https://registry.npmjs.org/toidentifier cache-miss
345 http fetch GET 200 https://registry.npmjs.org/toidentifier 98ms (cache miss)
346 silly packumentCache full:https://registry.npmjs.org/toidentifier set size:undefined disposed:false
347 silly fetch manifest mime-db@^1.54.0
348 silly packumentCache full:https://registry.npmjs.org/mime-db cache-miss
349 http fetch GET 200 https://registry.npmjs.org/mime-db 111ms (cache miss)
350 silly packumentCache full:https://registry.npmjs.org/mime-db set size:undefined disposed:false
351 silly fetch manifest ee-first@1.1.1
352 silly packumentCache full:https://registry.npmjs.org/ee-first cache-miss
353 http fetch GET 200 https://registry.npmjs.org/ee-first 82ms (cache miss)
354 silly packumentCache full:https://registry.npmjs.org/ee-first set size:undefined disposed:false
355 silly fetch manifest wrappy@1
356 silly packumentCache full:https://registry.npmjs.org/wrappy cache-miss
357 http fetch GET 200 https://registry.npmjs.org/wrappy 80ms (cache miss)
358 silly packumentCache full:https://registry.npmjs.org/wrappy set size:undefined disposed:false
359 silly fetch manifest forwarded@0.2.0
360 silly packumentCache full:https://registry.npmjs.org/forwarded cache-miss
361 http fetch GET 200 https://registry.npmjs.org/forwarded 88ms (cache miss)
362 silly packumentCache full:https://registry.npmjs.org/forwarded set size:undefined disposed:false
363 silly fetch manifest ipaddr.js@1.9.1
364 silly packumentCache full:https://registry.npmjs.org/ipaddr.js cache-miss
365 http fetch GET 200 https://registry.npmjs.org/ipaddr.js 96ms (cache miss)
366 silly packumentCache full:https://registry.npmjs.org/ipaddr.js set size:undefined disposed:false
367 silly fetch manifest side-channel@^1.1.0
368 silly packumentCache full:https://registry.npmjs.org/side-channel cache-miss
369 http fetch GET 200 https://registry.npmjs.org/side-channel 91ms (cache miss)
370 silly packumentCache full:https://registry.npmjs.org/side-channel set size:undefined disposed:false
371 silly fetch manifest is-promise@^4.0.0
372 silly packumentCache full:https://registry.npmjs.org/is-promise cache-miss
373 http fetch GET 200 https://registry.npmjs.org/is-promise 110ms (cache miss)
374 silly packumentCache full:https://registry.npmjs.org/is-promise set size:undefined disposed:false
375 silly fetch manifest path-to-regexp@^8.0.0
376 silly packumentCache full:https://registry.npmjs.org/path-to-regexp cache-miss
377 http fetch GET 200 https://registry.npmjs.org/path-to-regexp 112ms (cache miss)
378 silly packumentCache full:https://registry.npmjs.org/path-to-regexp set size:undefined disposed:false
379 silly fetch manifest statuses@^2.0.2
380 silly packumentCache full:https://registry.npmjs.org/statuses cache-hit
381 silly fetch manifest media-typer@^1.1.0
382 silly packumentCache full:https://registry.npmjs.org/media-typer cache-miss
383 http fetch GET 200 https://registry.npmjs.org/media-typer 101ms (cache miss)
384 silly packumentCache full:https://registry.npmjs.org/media-typer set size:undefined disposed:false
385 silly placeDep ROOT negotiator@1.0.0 OK for: accepts@2.0.0 want: ^1.0.0
386 silly placeDep ROOT bytes@3.1.2 OK for: body-parser@2.3.0 want: ^3.1.2
387 silly placeDep node_modules/body-parser content-type@2.0.0 OK for: body-parser@2.3.0 want: ^2.0.0
388 silly placeDep node_modules/body-parser iconv-lite@0.7.2 OK for: body-parser@2.3.0 want: ^0.7.2
389 silly placeDep ROOT raw-body@3.0.2 OK for: body-parser@2.3.0 want: ^3.0.2
390 silly fetch manifest unpipe@~1.0.0
391 silly packumentCache full:https://registry.npmjs.org/unpipe cache-miss
392 http fetch GET 200 https://registry.npmjs.org/unpipe 91ms (cache miss)
393 silly packumentCache full:https://registry.npmjs.org/unpipe set size:undefined disposed:false
394 silly fetch manifest iconv-lite@~0.7.0
395 silly packumentCache full:https://registry.npmjs.org/iconv-lite cache-hit
396 silly placeDep ROOT ms@2.1.3 OK for: debug@4.4.3 want: ^2.1.3
397 silly placeDep node_modules/htmlparser2 entities@7.0.1 OK for: htmlparser2@10.1.0 want: ^7.0.1
398 silly placeDep ROOT inherits@2.0.4 OK for: http-errors@2.0.1 want: ~2.0.4
399 silly placeDep ROOT setprototypeof@1.2.0 OK for: http-errors@2.0.1 want: ~1.2.0
400 silly placeDep ROOT toidentifier@1.0.1 OK for: http-errors@2.0.1 want: ~1.0.1
401 silly placeDep ROOT safer-buffer@2.1.2 OK for: iconv-lite@0.6.3 want: >= 2.1.2 < 3.0.0
402 silly placeDep ROOT mime-db@1.54.0 OK for: mime-types@3.0.2 want: ^1.54.0
403 silly placeDep ROOT ee-first@1.1.1 OK for: on-finished@2.4.1 want: 1.1.1
404 silly placeDep ROOT wrappy@1.0.2 OK for: once@1.4.0 want: 1
405 silly placeDep node_modules/parse5 entities@6.0.1 OK for: parse5@7.3.0 want: ^6.0.0
406 silly placeDep ROOT forwarded@0.2.0 OK for: proxy-addr@2.0.7 want: 0.2.0
407 silly placeDep ROOT ipaddr.js@1.9.1 OK for: proxy-addr@2.0.7 want: 1.9.1
408 silly placeDep ROOT side-channel@1.1.1 OK for: qs@6.15.2 want: ^1.1.0
409 silly fetch manifest es-errors@^1.3.0
410 silly packumentCache full:https://registry.npmjs.org/es-errors cache-miss
411 http fetch GET 200 https://registry.npmjs.org/es-errors 107ms (cache miss)
412 silly packumentCache full:https://registry.npmjs.org/es-errors set size:undefined disposed:false
413 silly fetch manifest object-inspect@^1.13.4
414 silly packumentCache full:https://registry.npmjs.org/object-inspect cache-miss
415 http fetch GET 200 https://registry.npmjs.org/object-inspect 109ms (cache miss)
416 silly packumentCache full:https://registry.npmjs.org/object-inspect set size:undefined disposed:false
417 silly fetch manifest side-channel-list@^1.0.1
418 silly packumentCache full:https://registry.npmjs.org/side-channel-list cache-miss
419 http fetch GET 200 https://registry.npmjs.org/side-channel-list 83ms (cache miss)
420 silly packumentCache full:https://registry.npmjs.org/side-channel-list set size:undefined disposed:false
421 silly fetch manifest side-channel-map@^1.0.1
422 silly packumentCache full:https://registry.npmjs.org/side-channel-map cache-miss
423 http fetch GET 200 https://registry.npmjs.org/side-channel-map 84ms (cache miss)
424 silly packumentCache full:https://registry.npmjs.org/side-channel-map set size:undefined disposed:false
425 silly fetch manifest side-channel-weakmap@^1.0.2
426 silly packumentCache full:https://registry.npmjs.org/side-channel-weakmap cache-miss
427 http fetch GET 200 https://registry.npmjs.org/side-channel-weakmap 101ms (cache miss)
428 silly packumentCache full:https://registry.npmjs.org/side-channel-weakmap set size:undefined disposed:false
429 silly placeDep node_modules/raw-body iconv-lite@0.7.2 OK for: raw-body@3.0.2 want: ~0.7.0
430 silly placeDep ROOT unpipe@1.0.0 OK for: raw-body@3.0.2 want: ~1.0.0
431 silly placeDep ROOT is-promise@4.0.0 OK for: router@2.2.0 want: ^4.0.0
432 silly placeDep ROOT path-to-regexp@8.4.2 OK for: router@2.2.0 want: ^8.0.0
433 silly placeDep ROOT es-errors@1.3.0 OK for: side-channel@1.1.1 want: ^1.3.0
434 silly placeDep ROOT object-inspect@1.13.4 OK for: side-channel@1.1.1 want: ^1.13.4
435 silly placeDep ROOT side-channel-list@1.0.1 OK for: side-channel@1.1.1 want: ^1.0.1
436 silly placeDep ROOT side-channel-map@1.0.1 OK for: side-channel@1.1.1 want: ^1.0.1
437 silly placeDep ROOT side-channel-weakmap@1.0.2 OK for: side-channel@1.1.1 want: ^1.0.2
438 silly fetch manifest call-bound@^1.0.2
439 silly packumentCache full:https://registry.npmjs.org/call-bound cache-miss
440 http fetch GET 200 https://registry.npmjs.org/call-bound 89ms (cache miss)
441 silly packumentCache full:https://registry.npmjs.org/call-bound set size:undefined disposed:false
442 silly fetch manifest get-intrinsic@^1.2.5
443 silly packumentCache full:https://registry.npmjs.org/get-intrinsic cache-miss
444 http fetch GET 200 https://registry.npmjs.org/get-intrinsic 142ms (cache miss)
445 silly packumentCache full:https://registry.npmjs.org/get-intrinsic set size:undefined disposed:false
446 silly placeDep ROOT call-bound@1.0.4 OK for: side-channel-map@1.0.1 want: ^1.0.2
447 silly placeDep ROOT get-intrinsic@1.3.0 OK for: side-channel-map@1.0.1 want: ^1.2.5
448 silly fetch manifest call-bind-apply-helpers@^1.0.2
449 silly packumentCache full:https://registry.npmjs.org/call-bind-apply-helpers cache-miss
450 http fetch GET 200 https://registry.npmjs.org/call-bind-apply-helpers 101ms (cache miss)
451 silly packumentCache full:https://registry.npmjs.org/call-bind-apply-helpers set size:undefined disposed:false
452 silly fetch manifest get-intrinsic@^1.3.0
453 silly packumentCache full:https://registry.npmjs.org/get-intrinsic cache-miss
454 http cache https://registry.npmjs.org/get-intrinsic 44ms (cache hit)
455 silly packumentCache full:https://registry.npmjs.org/get-intrinsic set size:60985 disposed:false
456 silly fetch manifest gopd@^1.2.0
457 silly packumentCache full:https://registry.npmjs.org/gopd cache-miss
458 http fetch GET 200 https://registry.npmjs.org/gopd 121ms (cache miss)
459 silly packumentCache full:https://registry.npmjs.org/gopd set size:undefined disposed:false
460 silly fetch manifest hasown@^2.0.2
461 silly packumentCache full:https://registry.npmjs.org/hasown cache-miss
462 http fetch GET 200 https://registry.npmjs.org/hasown 110ms (cache miss)
463 silly packumentCache full:https://registry.npmjs.org/hasown set size:undefined disposed:false
464 silly fetch manifest get-proto@^1.0.1
465 silly packumentCache full:https://registry.npmjs.org/get-proto cache-miss
466 http fetch GET 200 https://registry.npmjs.org/get-proto 85ms (cache miss)
467 silly packumentCache full:https://registry.npmjs.org/get-proto set size:undefined disposed:false
468 silly fetch manifest has-symbols@^1.1.0
469 silly packumentCache full:https://registry.npmjs.org/has-symbols cache-miss
470 http fetch GET 200 https://registry.npmjs.org/has-symbols 88ms (cache miss)
471 silly packumentCache full:https://registry.npmjs.org/has-symbols set size:undefined disposed:false
472 silly fetch manifest function-bind@^1.1.2
473 silly packumentCache full:https://registry.npmjs.org/function-bind cache-miss
474 http fetch GET 200 https://registry.npmjs.org/function-bind 102ms (cache miss)
475 silly packumentCache full:https://registry.npmjs.org/function-bind set size:undefined disposed:false
476 silly fetch manifest es-object-atoms@^1.1.1
477 silly packumentCache full:https://registry.npmjs.org/es-object-atoms cache-miss
478 http fetch GET 200 https://registry.npmjs.org/es-object-atoms 105ms (cache miss)
479 silly packumentCache full:https://registry.npmjs.org/es-object-atoms set size:undefined disposed:false
480 silly fetch manifest math-intrinsics@^1.1.0
481 silly packumentCache full:https://registry.npmjs.org/math-intrinsics cache-miss
482 http fetch GET 200 https://registry.npmjs.org/math-intrinsics 115ms (cache miss)
483 silly packumentCache full:https://registry.npmjs.org/math-intrinsics set size:undefined disposed:false
484 silly fetch manifest es-define-property@^1.0.1
485 silly packumentCache full:https://registry.npmjs.org/es-define-property cache-miss
486 http fetch GET 200 https://registry.npmjs.org/es-define-property 120ms (cache miss)
487 silly packumentCache full:https://registry.npmjs.org/es-define-property set size:undefined disposed:false
488 silly placeDep ROOT call-bind-apply-helpers@1.0.2 OK for: call-bound@1.0.4 want: ^1.0.2
489 silly placeDep ROOT function-bind@1.1.2 OK for: call-bind-apply-helpers@1.0.2 want: ^1.1.2
490 silly placeDep ROOT es-define-property@1.0.1 OK for: get-intrinsic@1.3.0 want: ^1.0.1
491 silly placeDep ROOT es-object-atoms@1.1.2 OK for: get-intrinsic@1.3.0 want: ^1.1.1
492 silly placeDep ROOT get-proto@1.0.1 OK for: get-intrinsic@1.3.0 want: ^1.0.1
493 silly placeDep ROOT gopd@1.2.0 OK for: get-intrinsic@1.3.0 want: ^1.2.0
494 silly placeDep ROOT has-symbols@1.1.0 OK for: get-intrinsic@1.3.0 want: ^1.1.0
495 silly placeDep ROOT hasown@2.0.4 OK for: get-intrinsic@1.3.0 want: ^2.0.2
496 silly placeDep ROOT math-intrinsics@1.1.0 OK for: get-intrinsic@1.3.0 want: ^1.1.0
497 silly fetch manifest dunder-proto@^1.0.1
498 silly packumentCache full:https://registry.npmjs.org/dunder-proto cache-miss
499 http fetch GET 200 https://registry.npmjs.org/dunder-proto 86ms (cache miss)
500 silly packumentCache full:https://registry.npmjs.org/dunder-proto set size:undefined disposed:false
501 silly placeDep ROOT dunder-proto@1.0.1 OK for: get-proto@1.0.1 want: ^1.0.1
502 silly placeDep node_modules/type-is content-type@2.0.0 OK for: type-is@2.1.0 want: ^2.0.0
503 silly placeDep ROOT media-typer@1.1.0 OK for: type-is@2.1.0 want: ^1.1.0
504 silly reify moves {}
505 silly audit bulk request {
505 silly audit   cheerio: [ '1.2.0' ],
505 silly audit   cors: [ '2.8.6' ],
505 silly audit   express: [ '5.2.1' ],
505 silly audit   'cheerio-select': [ '2.1.0' ],
505 silly audit   'dom-serializer': [ '2.0.0' ],
505 silly audit   domhandler: [ '5.0.3' ],
505 silly audit   domutils: [ '3.2.2' ],
505 silly audit   'encoding-sniffer': [ '0.2.1' ],
505 silly audit   htmlparser2: [ '10.1.0' ],
505 silly audit   parse5: [ '7.3.0' ],
505 silly audit   'parse5-htmlparser2-tree-adapter': [ '7.1.0' ],
505 silly audit   'parse5-parser-stream': [ '7.1.2' ],
505 silly audit   undici: [ '7.28.0' ],
505 silly audit   'whatwg-mimetype': [ '4.0.0' ],
505 silly audit   boolbase: [ '1.0.0' ],
505 silly audit   'css-select': [ '5.2.2' ],
505 silly audit   'css-what': [ '6.2.2' ],
505 silly audit   domelementtype: [ '2.3.0' ],
505 silly audit   'object-assign': [ '4.1.1' ],
505 silly audit   vary: [ '1.1.2' ],
505 silly audit   'nth-check': [ '2.1.1' ],
505 silly audit   entities: [ '4.5.0', '7.0.1', '6.0.1' ],
505 silly audit   'iconv-lite': [ '0.6.3', '0.7.2' ],
505 silly audit   'whatwg-encoding': [ '3.1.1' ],
505 silly audit   accepts: [ '2.0.0' ],
505 silly audit   'body-parser': [ '2.3.0' ],
505 silly audit   'content-disposition': [ '1.1.0' ],
505 silly audit   'content-type': [ '1.0.5', '2.0.0' ],
505 silly audit   cookie: [ '0.7.2' ],
505 silly audit   'cookie-signature': [ '1.2.2' ],
505 silly audit   debug: [ '4.4.3' ],
505 silly audit   depd: [ '2.0.0' ],
505 silly audit   encodeurl: [ '2.0.0' ],
505 silly audit   'escape-html': [ '1.0.3' ],
505 silly audit   etag: [ '1.8.1' ],
505 silly audit   finalhandler: [ '2.1.1' ],
505 silly audit   fresh: [ '2.0.0' ],
505 silly audit   'http-errors': [ '2.0.1' ],
505 silly audit   'merge-descriptors': [ '2.0.0' ],
505 silly audit   'mime-types': [ '3.0.2' ],
505 silly audit   'on-finished': [ '2.4.1' ],
505 silly audit   once: [ '1.4.0' ],
505 silly audit   parseurl: [ '1.3.3' ],
505 silly audit   'proxy-addr': [ '2.0.7' ],
505 silly audit   qs: [ '6.15.2' ],
505 silly audit   'range-parser': [ '1.2.1' ],
505 silly audit   router: [ '2.2.0' ],
505 silly audit   send: [ '1.2.1' ],
505 silly audit   'serve-static': [ '2.2.1' ],
505 silly audit   statuses: [ '2.0.2' ],
505 silly audit   'type-is': [ '2.1.0' ],
505 silly audit   negotiator: [ '1.0.0' ],
505 silly audit   bytes: [ '3.1.2' ],
505 silly audit   'raw-body': [ '3.0.2' ],
505 silly audit   ms: [ '2.1.3' ],
505 silly audit   inherits: [ '2.0.4' ],
505 silly audit   setprototypeof: [ '1.2.0' ],
505 silly audit   toidentifier: [ '1.0.1' ],
505 silly audit   'safer-buffer': [ '2.1.2' ],
505 silly audit   'mime-db': [ '1.54.0' ],
505 silly audit   'ee-first': [ '1.1.1' ],
505 silly audit   wrappy: [ '1.0.2' ],
505 silly audit   forwarded: [ '0.2.0' ],
505 silly audit   'ipaddr.js': [ '1.9.1' ],
505 silly audit   'side-channel': [ '1.1.1' ],
505 silly audit   unpipe: [ '1.0.0' ],
505 silly audit   'is-promise': [ '4.0.0' ],
505 silly audit   'path-to-regexp': [ '8.4.2' ],
505 silly audit   'es-errors': [ '1.3.0' ],
505 silly audit   'object-inspect': [ '1.13.4' ],
505 silly audit   'side-channel-list': [ '1.0.1' ],
505 silly audit   'side-channel-map': [ '1.0.1' ],
505 silly audit   'side-channel-weakmap': [ '1.0.2' ],
505 silly audit   'call-bound': [ '1.0.4' ],
505 silly audit   'get-intrinsic': [ '1.3.0' ],
505 silly audit   'call-bind-apply-helpers': [ '1.0.2' ],
505 silly audit   'function-bind': [ '1.1.2' ],
505 silly audit   'es-define-property': [ '1.0.1' ],
505 silly audit   'es-object-atoms': [ '1.1.2' ],
505 silly audit   'get-proto': [ '1.0.1' ],
505 silly audit   gopd: [ '1.2.0' ],
505 silly audit   'has-symbols': [ '1.1.0' ],
505 silly audit   hasown: [ '2.0.4' ],
505 silly audit   'math-intrinsics': [ '1.1.0' ],
505 silly audit   'dunder-proto': [ '1.0.1' ],
505 silly audit   'media-typer': [ '1.1.0' ]
505 silly audit }
506 http cache media-typer@https://registry.npmjs.org/media-typer/-/media-typer-1.1.0.tgz 0ms (cache hit)
507 http cache has-symbols@https://registry.npmjs.org/has-symbols/-/has-symbols-1.1.0.tgz 0ms (cache hit)
508 http cache math-intrinsics@https://registry.npmjs.org/math-intrinsics/-/math-intrinsics-1.1.0.tgz 0ms (cache hit)
509 http cache get-proto@https://registry.npmjs.org/get-proto/-/get-proto-1.0.1.tgz 0ms (cache hit)
510 http cache es-object-atoms@https://registry.npmjs.org/es-object-atoms/-/es-object-atoms-1.1.2.tgz 0ms (cache hit)
511 http cache hasown@https://registry.npmjs.org/hasown/-/hasown-2.0.4.tgz 0ms (cache hit)
512 http cache es-define-property@https://registry.npmjs.org/es-define-property/-/es-define-property-1.0.1.tgz 0ms (cache hit)
513 http cache function-bind@https://registry.npmjs.org/function-bind/-/function-bind-1.1.2.tgz 0ms (cache hit)
514 http cache call-bind-apply-helpers@https://registry.npmjs.org/call-bind-apply-helpers/-/call-bind-apply-helpers-1.0.2.tgz 0ms (cache hit)
515 http cache get-intrinsic@https://registry.npmjs.org/get-intrinsic/-/get-intrinsic-1.3.0.tgz 0ms (cache hit)
516 http cache call-bound@https://registry.npmjs.org/call-bound/-/call-bound-1.0.4.tgz 0ms (cache hit)
517 http cache side-channel-map@https://registry.npmjs.org/side-channel-map/-/side-channel-map-1.0.1.tgz 0ms (cache hit)
518 http cache object-inspect@https://registry.npmjs.org/object-inspect/-/object-inspect-1.13.4.tgz 0ms (cache hit)
519 http cache es-errors@https://registry.npmjs.org/es-errors/-/es-errors-1.3.0.tgz 0ms (cache hit)
520 http cache path-to-regexp@https://registry.npmjs.org/path-to-regexp/-/path-to-regexp-8.4.2.tgz 0ms (cache hit)
521 http cache is-promise@https://registry.npmjs.org/is-promise/-/is-promise-4.0.0.tgz 0ms (cache hit)
522 http cache unpipe@https://registry.npmjs.org/unpipe/-/unpipe-1.0.0.tgz 0ms (cache hit)
523 http cache side-channel@https://registry.npmjs.org/side-channel/-/side-channel-1.1.1.tgz 0ms (cache hit)
524 http cache ipaddr.js@https://registry.npmjs.org/ipaddr.js/-/ipaddr.js-1.9.1.tgz 0ms (cache hit)
525 http cache forwarded@https://registry.npmjs.org/forwarded/-/forwarded-0.2.0.tgz 0ms (cache hit)
526 http cache wrappy@https://registry.npmjs.org/wrappy/-/wrappy-1.0.2.tgz 1ms (cache hit)
527 http cache ee-first@https://registry.npmjs.org/ee-first/-/ee-first-1.1.1.tgz 0ms (cache hit)
528 http cache mime-db@https://registry.npmjs.org/mime-db/-/mime-db-1.54.0.tgz 0ms (cache hit)
529 http cache safer-buffer@https://registry.npmjs.org/safer-buffer/-/safer-buffer-2.1.2.tgz 0ms (cache hit)
530 http cache toidentifier@https://registry.npmjs.org/toidentifier/-/toidentifier-1.0.1.tgz 1ms (cache hit)
531 http cache setprototypeof@https://registry.npmjs.org/setprototypeof/-/setprototypeof-1.2.0.tgz 0ms (cache hit)
532 http cache inherits@https://registry.npmjs.org/inherits/-/inherits-2.0.4.tgz 0ms (cache hit)
533 http cache ms@https://registry.npmjs.org/ms/-/ms-2.1.3.tgz 0ms (cache hit)
534 http cache raw-body@https://registry.npmjs.org/raw-body/-/raw-body-3.0.2.tgz 0ms (cache hit)
535 http cache bytes@https://registry.npmjs.org/bytes/-/bytes-3.1.2.tgz 0ms (cache hit)
536 http cache negotiator@https://registry.npmjs.org/negotiator/-/negotiator-1.0.0.tgz 0ms (cache hit)
537 http cache type-is@https://registry.npmjs.org/type-is/-/type-is-2.1.0.tgz 0ms (cache hit)
538 http cache statuses@https://registry.npmjs.org/statuses/-/statuses-2.0.2.tgz 0ms (cache hit)
539 http cache serve-static@https://registry.npmjs.org/serve-static/-/serve-static-2.2.1.tgz 0ms (cache hit)
540 http cache send@https://registry.npmjs.org/send/-/send-1.2.1.tgz 0ms (cache hit)
541 http cache router@https://registry.npmjs.org/router/-/router-2.2.0.tgz 0ms (cache hit)
542 http cache range-parser@https://registry.npmjs.org/range-parser/-/range-parser-1.2.1.tgz 0ms (cache hit)
543 http cache qs@https://registry.npmjs.org/qs/-/qs-6.15.2.tgz 0ms (cache hit)
544 http cache proxy-addr@https://registry.npmjs.org/proxy-addr/-/proxy-addr-2.0.7.tgz 0ms (cache hit)
545 http cache parseurl@https://registry.npmjs.org/parseurl/-/parseurl-1.3.3.tgz 0ms (cache hit)
546 http cache once@https://registry.npmjs.org/once/-/once-1.4.0.tgz 0ms (cache hit)
547 http cache on-finished@https://registry.npmjs.org/on-finished/-/on-finished-2.4.1.tgz 0ms (cache hit)
548 http cache merge-descriptors@https://registry.npmjs.org/merge-descriptors/-/merge-descriptors-2.0.0.tgz 0ms (cache hit)
549 http cache mime-types@https://registry.npmjs.org/mime-types/-/mime-types-3.0.2.tgz 1ms (cache hit)
550 http cache http-errors@https://registry.npmjs.org/http-errors/-/http-errors-2.0.1.tgz 1ms (cache hit)
551 http cache fresh@https://registry.npmjs.org/fresh/-/fresh-2.0.0.tgz 0ms (cache hit)
552 http cache finalhandler@https://registry.npmjs.org/finalhandler/-/finalhandler-2.1.1.tgz 1ms (cache hit)
553 http cache etag@https://registry.npmjs.org/etag/-/etag-1.8.1.tgz 0ms (cache hit)
554 http cache depd@https://registry.npmjs.org/depd/-/depd-2.0.0.tgz 0ms (cache hit)
555 http cache cookie-signature@https://registry.npmjs.org/cookie-signature/-/cookie-signature-1.2.2.tgz 0ms (cache hit)
556 http cache escape-html@https://registry.npmjs.org/escape-html/-/escape-html-1.0.3.tgz 0ms (cache hit)
557 http cache encodeurl@https://registry.npmjs.org/encodeurl/-/encodeurl-2.0.0.tgz 0ms (cache hit)
558 http cache debug@https://registry.npmjs.org/debug/-/debug-4.4.3.tgz 0ms (cache hit)
559 http cache cookie@https://registry.npmjs.org/cookie/-/cookie-0.7.2.tgz 0ms (cache hit)
560 http cache content-type@https://registry.npmjs.org/content-type/-/content-type-1.0.5.tgz 0ms (cache hit)
561 http cache content-disposition@https://registry.npmjs.org/content-disposition/-/content-disposition-1.1.0.tgz 0ms (cache hit)
562 http cache side-channel-weakmap@https://registry.npmjs.org/side-channel-weakmap/-/side-channel-weakmap-1.0.2.tgz 0ms (cache hit)
563 http cache gopd@https://registry.npmjs.org/gopd/-/gopd-1.2.0.tgz 0ms (cache hit)
564 http cache dunder-proto@https://registry.npmjs.org/dunder-proto/-/dunder-proto-1.0.1.tgz 0ms (cache hit)
565 http cache body-parser@https://registry.npmjs.org/body-parser/-/body-parser-2.3.0.tgz 0ms (cache hit)
566 http cache object-assign@https://registry.npmjs.org/object-assign/-/object-assign-4.1.1.tgz 1ms (cache hit)
567 http cache accepts@https://registry.npmjs.org/accepts/-/accepts-2.0.0.tgz 0ms (cache hit)
568 http cache nth-check@https://registry.npmjs.org/nth-check/-/nth-check-2.1.1.tgz 1ms (cache hit)
569 http cache vary@https://registry.npmjs.org/vary/-/vary-1.1.2.tgz 0ms (cache hit)
570 http cache css-what@https://registry.npmjs.org/css-what/-/css-what-6.2.2.tgz 0ms (cache hit)
571 http cache domelementtype@https://registry.npmjs.org/domelementtype/-/domelementtype-2.3.0.tgz 0ms (cache hit)
572 http cache entities@https://registry.npmjs.org/entities/-/entities-4.5.0.tgz 0ms (cache hit)
573 http cache whatwg-encoding@https://registry.npmjs.org/whatwg-encoding/-/whatwg-encoding-3.1.1.tgz 1ms (cache hit)
574 http cache iconv-lite@https://registry.npmjs.org/iconv-lite/-/iconv-lite-0.6.3.tgz 0ms (cache hit)
575 http cache whatwg-mimetype@https://registry.npmjs.org/whatwg-mimetype/-/whatwg-mimetype-4.0.0.tgz 0ms (cache hit)
576 http cache undici@https://registry.npmjs.org/undici/-/undici-7.28.0.tgz 0ms (cache hit)
577 http cache htmlparser2@https://registry.npmjs.org/htmlparser2/-/htmlparser2-10.1.0.tgz 0ms (cache hit)
578 http cache domutils@https://registry.npmjs.org/domutils/-/domutils-3.2.2.tgz 0ms (cache hit)
579 http cache domhandler@https://registry.npmjs.org/domhandler/-/domhandler-5.0.3.tgz 0ms (cache hit)
580 http cache dom-serializer@https://registry.npmjs.org/dom-serializer/-/dom-serializer-2.0.0.tgz 0ms (cache hit)
581 http cache cheerio-select@https://registry.npmjs.org/cheerio-select/-/cheerio-select-2.1.0.tgz 0ms (cache hit)
582 http cache express@https://registry.npmjs.org/express/-/express-5.2.1.tgz 0ms (cache hit)
583 http cache encoding-sniffer@https://registry.npmjs.org/encoding-sniffer/-/encoding-sniffer-0.2.1.tgz 0ms (cache hit)
584 http cache parse5-htmlparser2-tree-adapter@https://registry.npmjs.org/parse5-htmlparser2-tree-adapter/-/parse5-htmlparser2-tree-adapter-7.1.0.tgz 0ms (cache hit)
585 http cache cors@https://registry.npmjs.org/cors/-/cors-2.8.6.tgz 0ms (cache hit)
586 http cache parse5-parser-stream@https://registry.npmjs.org/parse5-parser-stream/-/parse5-parser-stream-7.1.2.tgz 0ms (cache hit)
587 http cache parse5@https://registry.npmjs.org/parse5/-/parse5-7.3.0.tgz 0ms (cache hit)
588 http cache iconv-lite@https://registry.npmjs.org/iconv-lite/-/iconv-lite-0.7.2.tgz 0ms (cache hit)
589 http cache cheerio@https://registry.npmjs.org/cheerio/-/cheerio-1.2.0.tgz 0ms (cache hit)
590 http cache iconv-lite@https://registry.npmjs.org/iconv-lite/-/iconv-lite-0.7.2.tgz 0ms (cache hit)
591 http cache content-type@https://registry.npmjs.org/content-type/-/content-type-2.0.0.tgz 0ms (cache hit)
592 http cache content-type@https://registry.npmjs.org/content-type/-/content-type-2.0.0.tgz 1ms (cache hit)
593 http cache entities@https://registry.npmjs.org/entities/-/entities-7.0.1.tgz 0ms (cache hit)
594 http cache entities@https://registry.npmjs.org/entities/-/entities-6.0.1.tgz 0ms (cache hit)
595 silly tarball no local data for media-typer@https://registry.npmjs.org/media-typer/-/media-typer-1.1.0.tgz. Extracting by manifest.
596 silly tarball no local data for has-symbols@https://registry.npmjs.org/has-symbols/-/has-symbols-1.1.0.tgz. Extracting by manifest.
597 silly tarball no local data for math-intrinsics@https://registry.npmjs.org/math-intrinsics/-/math-intrinsics-1.1.0.tgz. Extracting by manifest.
598 silly tarball no local data for get-proto@https://registry.npmjs.org/get-proto/-/get-proto-1.0.1.tgz. Extracting by manifest.
599 silly tarball no local data for es-object-atoms@https://registry.npmjs.org/es-object-atoms/-/es-object-atoms-1.1.2.tgz. Extracting by manifest.
600 silly tarball no local data for hasown@https://registry.npmjs.org/hasown/-/hasown-2.0.4.tgz. Extracting by manifest.
601 silly tarball no local data for es-define-property@https://registry.npmjs.org/es-define-property/-/es-define-property-1.0.1.tgz. Extracting by manifest.
602 silly tarball no local data for function-bind@https://registry.npmjs.org/function-bind/-/function-bind-1.1.2.tgz. Extracting by manifest.
603 http cache side-channel-list@https://registry.npmjs.org/side-channel-list/-/side-channel-list-1.0.1.tgz 1ms (cache hit)
604 silly tarball no local data for call-bind-apply-helpers@https://registry.npmjs.org/call-bind-apply-helpers/-/call-bind-apply-helpers-1.0.2.tgz. Extracting by manifest.
605 silly tarball no local data for get-intrinsic@https://registry.npmjs.org/get-intrinsic/-/get-intrinsic-1.3.0.tgz. Extracting by manifest.
606 silly tarball no local data for call-bound@https://registry.npmjs.org/call-bound/-/call-bound-1.0.4.tgz. Extracting by manifest.
607 silly tarball no local data for side-channel-map@https://registry.npmjs.org/side-channel-map/-/side-channel-map-1.0.1.tgz. Extracting by manifest.
608 silly tarball no local data for object-inspect@https://registry.npmjs.org/object-inspect/-/object-inspect-1.13.4.tgz. Extracting by manifest.
609 silly tarball no local data for es-errors@https://registry.npmjs.org/es-errors/-/es-errors-1.3.0.tgz. Extracting by manifest.
610 silly tarball no local data for path-to-regexp@https://registry.npmjs.org/path-to-regexp/-/path-to-regexp-8.4.2.tgz. Extracting by manifest.
611 silly tarball no local data for is-promise@https://registry.npmjs.org/is-promise/-/is-promise-4.0.0.tgz. Extracting by manifest.
612 silly tarball no local data for unpipe@https://registry.npmjs.org/unpipe/-/unpipe-1.0.0.tgz. Extracting by manifest.
613 silly tarball no local data for side-channel@https://registry.npmjs.org/side-channel/-/side-channel-1.1.1.tgz. Extracting by manifest.
614 silly tarball no local data for ipaddr.js@https://registry.npmjs.org/ipaddr.js/-/ipaddr.js-1.9.1.tgz. Extracting by manifest.
615 silly tarball no local data for forwarded@https://registry.npmjs.org/forwarded/-/forwarded-0.2.0.tgz. Extracting by manifest.
616 silly tarball no local data for wrappy@https://registry.npmjs.org/wrappy/-/wrappy-1.0.2.tgz. Extracting by manifest.
617 silly tarball no local data for ee-first@https://registry.npmjs.org/ee-first/-/ee-first-1.1.1.tgz. Extracting by manifest.
618 silly tarball no local data for mime-db@https://registry.npmjs.org/mime-db/-/mime-db-1.54.0.tgz. Extracting by manifest.
619 silly tarball no local data for safer-buffer@https://registry.npmjs.org/safer-buffer/-/safer-buffer-2.1.2.tgz. Extracting by manifest.
620 silly tarball no local data for toidentifier@https://registry.npmjs.org/toidentifier/-/toidentifier-1.0.1.tgz. Extracting by manifest.
621 silly tarball no local data for setprototypeof@https://registry.npmjs.org/setprototypeof/-/setprototypeof-1.2.0.tgz. Extracting by manifest.
622 silly tarball no local data for inherits@https://registry.npmjs.org/inherits/-/inherits-2.0.4.tgz. Extracting by manifest.
623 silly tarball no local data for ms@https://registry.npmjs.org/ms/-/ms-2.1.3.tgz. Extracting by manifest.
624 silly tarball no local data for raw-body@https://registry.npmjs.org/raw-body/-/raw-body-3.0.2.tgz. Extracting by manifest.
625 silly tarball no local data for bytes@https://registry.npmjs.org/bytes/-/bytes-3.1.2.tgz. Extracting by manifest.
626 silly tarball no local data for negotiator@https://registry.npmjs.org/negotiator/-/negotiator-1.0.0.tgz. Extracting by manifest.
627 silly tarball no local data for type-is@https://registry.npmjs.org/type-is/-/type-is-2.1.0.tgz. Extracting by manifest.
628 silly tarball no local data for statuses@https://registry.npmjs.org/statuses/-/statuses-2.0.2.tgz. Extracting by manifest.
629 silly tarball no local data for serve-static@https://registry.npmjs.org/serve-static/-/serve-static-2.2.1.tgz. Extracting by manifest.
630 silly tarball no local data for send@https://registry.npmjs.org/send/-/send-1.2.1.tgz. Extracting by manifest.
631 silly tarball no local data for router@https://registry.npmjs.org/router/-/router-2.2.0.tgz. Extracting by manifest.
632 silly tarball no local data for range-parser@https://registry.npmjs.org/range-parser/-/range-parser-1.2.1.tgz. Extracting by manifest.
633 silly tarball no local data for qs@https://registry.npmjs.org/qs/-/qs-6.15.2.tgz. Extracting by manifest.
634 silly tarball no local data for parseurl@https://registry.npmjs.org/parseurl/-/parseurl-1.3.3.tgz. Extracting by manifest.
635 silly tarball no local data for proxy-addr@https://registry.npmjs.org/proxy-addr/-/proxy-addr-2.0.7.tgz. Extracting by manifest.
636 silly tarball no local data for once@https://registry.npmjs.org/once/-/once-1.4.0.tgz. Extracting by manifest.
637 silly tarball no local data for on-finished@https://registry.npmjs.org/on-finished/-/on-finished-2.4.1.tgz. Extracting by manifest.
638 silly tarball no local data for merge-descriptors@https://registry.npmjs.org/merge-descriptors/-/merge-descriptors-2.0.0.tgz. Extracting by manifest.
639 silly tarball no local data for mime-types@https://registry.npmjs.org/mime-types/-/mime-types-3.0.2.tgz. Extracting by manifest.
640 silly tarball no local data for http-errors@https://registry.npmjs.org/http-errors/-/http-errors-2.0.1.tgz. Extracting by manifest.
641 silly tarball no local data for fresh@https://registry.npmjs.org/fresh/-/fresh-2.0.0.tgz. Extracting by manifest.
642 silly tarball no local data for finalhandler@https://registry.npmjs.org/finalhandler/-/finalhandler-2.1.1.tgz. Extracting by manifest.
643 silly tarball no local data for etag@https://registry.npmjs.org/etag/-/etag-1.8.1.tgz. Extracting by manifest.
644 silly tarball no local data for depd@https://registry.npmjs.org/depd/-/depd-2.0.0.tgz. Extracting by manifest.
645 silly tarball no local data for cookie-signature@https://registry.npmjs.org/cookie-signature/-/cookie-signature-1.2.2.tgz. Extracting by manifest.
646 silly tarball no local data for escape-html@https://registry.npmjs.org/escape-html/-/escape-html-1.0.3.tgz. Extracting by manifest.
647 silly tarball no local data for encodeurl@https://registry.npmjs.org/encodeurl/-/encodeurl-2.0.0.tgz. Extracting by manifest.
648 silly tarball no local data for debug@https://registry.npmjs.org/debug/-/debug-4.4.3.tgz. Extracting by manifest.
649 silly tarball no local data for cookie@https://registry.npmjs.org/cookie/-/cookie-0.7.2.tgz. Extracting by manifest.
650 silly tarball no local data for content-type@https://registry.npmjs.org/content-type/-/content-type-1.0.5.tgz. Extracting by manifest.
651 silly tarball no local data for side-channel-weakmap@https://registry.npmjs.org/side-channel-weakmap/-/side-channel-weakmap-1.0.2.tgz. Extracting by manifest.
652 silly tarball no local data for content-disposition@https://registry.npmjs.org/content-disposition/-/content-disposition-1.1.0.tgz. Extracting by manifest.
653 silly tarball no local data for gopd@https://registry.npmjs.org/gopd/-/gopd-1.2.0.tgz. Extracting by manifest.
654 silly tarball no local data for dunder-proto@https://registry.npmjs.org/dunder-proto/-/dunder-proto-1.0.1.tgz. Extracting by manifest.
655 silly tarball no local data for body-parser@https://registry.npmjs.org/body-parser/-/body-parser-2.3.0.tgz. Extracting by manifest.
656 silly tarball no local data for object-assign@https://registry.npmjs.org/object-assign/-/object-assign-4.1.1.tgz. Extracting by manifest.
657 silly tarball no local data for accepts@https://registry.npmjs.org/accepts/-/accepts-2.0.0.tgz. Extracting by manifest.
658 silly tarball no local data for nth-check@https://registry.npmjs.org/nth-check/-/nth-check-2.1.1.tgz. Extracting by manifest.
659 silly tarball no local data for vary@https://registry.npmjs.org/vary/-/vary-1.1.2.tgz. Extracting by manifest.
660 silly tarball no local data for css-what@https://registry.npmjs.org/css-what/-/css-what-6.2.2.tgz. Extracting by manifest.
661 silly tarball no local data for domelementtype@https://registry.npmjs.org/domelementtype/-/domelementtype-2.3.0.tgz. Extracting by manifest.
662 silly tarball no local data for entities@https://registry.npmjs.org/entities/-/entities-4.5.0.tgz. Extracting by manifest.
663 silly tarball no local data for whatwg-encoding@https://registry.npmjs.org/whatwg-encoding/-/whatwg-encoding-3.1.1.tgz. Extracting by manifest.
664 silly tarball no local data for iconv-lite@https://registry.npmjs.org/iconv-lite/-/iconv-lite-0.6.3.tgz. Extracting by manifest.
665 silly tarball no local data for whatwg-mimetype@https://registry.npmjs.org/whatwg-mimetype/-/whatwg-mimetype-4.0.0.tgz. Extracting by manifest.
666 silly tarball no local data for undici@https://registry.npmjs.org/undici/-/undici-7.28.0.tgz. Extracting by manifest.
667 silly tarball no local data for htmlparser2@https://registry.npmjs.org/htmlparser2/-/htmlparser2-10.1.0.tgz. Extracting by manifest.
668 silly tarball no local data for domutils@https://registry.npmjs.org/domutils/-/domutils-3.2.2.tgz. Extracting by manifest.
669 silly tarball no local data for domhandler@https://registry.npmjs.org/domhandler/-/domhandler-5.0.3.tgz. Extracting by manifest.
670 silly tarball no local data for dom-serializer@https://registry.npmjs.org/dom-serializer/-/dom-serializer-2.0.0.tgz. Extracting by manifest.
671 silly tarball no local data for cheerio-select@https://registry.npmjs.org/cheerio-select/-/cheerio-select-2.1.0.tgz. Extracting by manifest.
672 silly tarball no local data for express@https://registry.npmjs.org/express/-/express-5.2.1.tgz. Extracting by manifest.
673 silly tarball no local data for encoding-sniffer@https://registry.npmjs.org/encoding-sniffer/-/encoding-sniffer-0.2.1.tgz. Extracting by manifest.
674 silly tarball no local data for parse5-htmlparser2-tree-adapter@https://registry.npmjs.org/parse5-htmlparser2-tree-adapter/-/parse5-htmlparser2-tree-adapter-7.1.0.tgz. Extracting by manifest.
675 silly tarball no local data for cors@https://registry.npmjs.org/cors/-/cors-2.8.6.tgz. Extracting by manifest.
676 silly tarball no local data for parse5-parser-stream@https://registry.npmjs.org/parse5-parser-stream/-/parse5-parser-stream-7.1.2.tgz. Extracting by manifest.
677 silly tarball no local data for parse5@https://registry.npmjs.org/parse5/-/parse5-7.3.0.tgz. Extracting by manifest.
678 silly tarball no local data for cheerio@https://registry.npmjs.org/cheerio/-/cheerio-1.2.0.tgz. Extracting by manifest.
679 silly tarball no local data for iconv-lite@https://registry.npmjs.org/iconv-lite/-/iconv-lite-0.7.2.tgz. Extracting by manifest.
680 silly tarball no local data for iconv-lite@https://registry.npmjs.org/iconv-lite/-/iconv-lite-0.7.2.tgz. Extracting by manifest.
681 silly tarball no local data for content-type@https://registry.npmjs.org/content-type/-/content-type-2.0.0.tgz. Extracting by manifest.
682 silly tarball no local data for content-type@https://registry.npmjs.org/content-type/-/content-type-2.0.0.tgz. Extracting by manifest.
683 silly tarball no local data for entities@https://registry.npmjs.org/entities/-/entities-7.0.1.tgz. Extracting by manifest.
684 silly tarball no local data for entities@https://registry.npmjs.org/entities/-/entities-6.0.1.tgz. Extracting by manifest.
685 silly tarball no local data for side-channel-list@https://registry.npmjs.org/side-channel-list/-/side-channel-list-1.0.1.tgz. Extracting by manifest.
686 http cache boolbase@https://registry.npmjs.org/boolbase/-/boolbase-1.0.0.tgz 0ms (cache hit)
687 http cache css-select@https://registry.npmjs.org/css-select/-/css-select-5.2.2.tgz 0ms (cache hit)
688 silly tarball no local data for boolbase@https://registry.npmjs.org/boolbase/-/boolbase-1.0.0.tgz. Extracting by manifest.
689 silly tarball no local data for css-select@https://registry.npmjs.org/css-select/-/css-select-5.2.2.tgz. Extracting by manifest.
690 http fetch POST 200 https://registry.npmjs.org/-/npm/v1/security/advisories/bulk 1625ms
691 silly audit report {}
692 http fetch GET 200 https://registry.npmjs.org/is-promise/-/is-promise-4.0.0.tgz 5298ms (cache miss)
693 http fetch GET 200 https://registry.npmjs.org/wrappy/-/wrappy-1.0.2.tgz 5400ms (cache miss)
694 http fetch GET 200 https://registry.npmjs.org/call-bind-apply-helpers/-/call-bind-apply-helpers-1.0.2.tgz 5463ms (cache miss)
695 http fetch GET 200 https://registry.npmjs.org/unpipe/-/unpipe-1.0.0.tgz 5429ms (cache miss)
696 http fetch GET 200 https://registry.npmjs.org/media-typer/-/media-typer-1.1.0.tgz 5583ms (cache miss)
697 http fetch GET 200 https://registry.npmjs.org/forwarded/-/forwarded-0.2.0.tgz 5482ms (cache miss)
698 http fetch GET 200 https://registry.npmjs.org/parseurl/-/parseurl-1.3.3.tgz 5432ms (cache miss)
699 http fetch GET 200 https://registry.npmjs.org/setprototypeof/-/setprototypeof-1.2.0.tgz 5569ms (cache miss)
700 http fetch GET 200 https://registry.npmjs.org/get-proto/-/get-proto-1.0.1.tgz 5768ms (cache miss)
701 http fetch GET 200 https://registry.npmjs.org/merge-descriptors/-/merge-descriptors-2.0.0.tgz 5620ms (cache miss)
702 http fetch GET 200 https://registry.npmjs.org/http-errors/-/http-errors-2.0.1.tgz 5615ms (cache miss)
703 http fetch GET 200 https://registry.npmjs.org/side-channel-weakmap/-/side-channel-weakmap-1.0.2.tgz 5583ms (cache miss)
704 http fetch GET 200 https://registry.npmjs.org/toidentifier/-/toidentifier-1.0.1.tgz 5817ms (cache miss)
705 http fetch GET 200 https://registry.npmjs.org/fresh/-/fresh-2.0.0.tgz 5760ms (cache miss)
706 http fetch GET 200 https://registry.npmjs.org/es-define-property/-/es-define-property-1.0.1.tgz 5982ms (cache miss)
707 http fetch GET 200 https://registry.npmjs.org/ee-first/-/ee-first-1.1.1.tgz 5897ms (cache miss)
708 http fetch GET 200 https://registry.npmjs.org/bytes/-/bytes-3.1.2.tgz 5882ms (cache miss)
709 http fetch GET 200 https://registry.npmjs.org/inherits/-/inherits-2.0.4.tgz 5897ms (cache miss)
710 http fetch GET 200 https://registry.npmjs.org/hasown/-/hasown-2.0.4.tgz 6035ms (cache miss)
711 http fetch GET 200 https://registry.npmjs.org/ms/-/ms-2.1.3.tgz 6004ms (cache miss)
712 http fetch GET 200 https://registry.npmjs.org/range-parser/-/range-parser-1.2.1.tgz 5983ms (cache miss)
713 http fetch GET 200 https://registry.npmjs.org/escape-html/-/escape-html-1.0.3.tgz 5946ms (cache miss)
714 http fetch GET 200 https://registry.npmjs.org/raw-body/-/raw-body-3.0.2.tgz 6087ms (cache miss)
715 http fetch GET 200 https://registry.npmjs.org/serve-static/-/serve-static-2.2.1.tgz 6081ms (cache miss)
716 http fetch GET 200 https://registry.npmjs.org/encodeurl/-/encodeurl-2.0.0.tgz 6029ms (cache miss)
717 http fetch GET 200 https://registry.npmjs.org/cookie-signature/-/cookie-signature-1.2.2.tgz 6053ms (cache miss)
718 http fetch GET 200 https://registry.npmjs.org/content-type/-/content-type-2.0.0.tgz 5941ms (cache miss)
719 http fetch GET 200 https://registry.npmjs.org/on-finished/-/on-finished-2.4.1.tgz 6130ms (cache miss)
720 http fetch GET 200 https://registry.npmjs.org/content-type/-/content-type-1.0.5.tgz 6086ms (cache miss)
721 http fetch GET 200 https://registry.npmjs.org/content-disposition/-/content-disposition-1.1.0.tgz 6084ms (cache miss)
722 http fetch GET 200 https://registry.npmjs.org/statuses/-/statuses-2.0.2.tgz 6177ms (cache miss)
723 http fetch GET 200 https://registry.npmjs.org/accepts/-/accepts-2.0.0.tgz 6073ms (cache miss)
724 http fetch GET 200 https://registry.npmjs.org/proxy-addr/-/proxy-addr-2.0.7.tgz 6162ms (cache miss)
725 http fetch GET 200 https://registry.npmjs.org/object-assign/-/object-assign-4.1.1.tgz 6092ms (cache miss)
726 http fetch GET 200 https://registry.npmjs.org/domelementtype/-/domelementtype-2.3.0.tgz 6079ms (cache miss)
727 http fetch GET 200 https://registry.npmjs.org/es-object-atoms/-/es-object-atoms-1.1.2.tgz 6340ms (cache miss)
728 http fetch GET 200 https://registry.npmjs.org/boolbase/-/boolbase-1.0.0.tgz 5537ms (cache miss)
729 http fetch GET 200 https://registry.npmjs.org/send/-/send-1.2.1.tgz 6235ms (cache miss)
730 http fetch GET 200 https://registry.npmjs.org/once/-/once-1.4.0.tgz 6218ms (cache miss)
731 http fetch GET 200 https://registry.npmjs.org/finalhandler/-/finalhandler-2.1.1.tgz 6198ms (cache miss)
732 http fetch GET 200 https://registry.npmjs.org/type-is/-/type-is-2.1.0.tgz 6259ms (cache miss)
733 http fetch GET 200 https://registry.npmjs.org/gopd/-/gopd-1.2.0.tgz 6165ms (cache miss)
734 http fetch GET 200 https://registry.npmjs.org/vary/-/vary-1.1.2.tgz 6148ms (cache miss)
735 http fetch GET 200 https://registry.npmjs.org/whatwg-encoding/-/whatwg-encoding-3.1.1.tgz 6145ms (cache miss)
736 warn deprecated whatwg-encoding@3.1.1: Use @exodus/bytes instead for a more spec-conformant and faster implementation
737 http fetch GET 200 https://registry.npmjs.org/side-channel-list/-/side-channel-list-1.0.1.tgz 5989ms (cache miss)
738 http fetch GET 200 https://registry.npmjs.org/parse5-parser-stream/-/parse5-parser-stream-7.1.2.tgz 6195ms (cache miss)
739 http fetch GET 200 https://registry.npmjs.org/parse5-htmlparser2-tree-adapter/-/parse5-htmlparser2-tree-adapter-7.1.0.tgz 6207ms (cache miss)
740 http fetch GET 200 https://registry.npmjs.org/etag/-/etag-1.8.1.tgz 6329ms (cache miss)
741 http fetch GET 200 https://registry.npmjs.org/ipaddr.js/-/ipaddr.js-1.9.1.tgz 6450ms (cache miss)
742 http fetch GET 200 https://registry.npmjs.org/mime-types/-/mime-types-3.0.2.tgz 6378ms (cache miss)
743 http fetch GET 200 https://registry.npmjs.org/dom-serializer/-/dom-serializer-2.0.0.tgz 6295ms (cache miss)
744 http fetch GET 200 https://registry.npmjs.org/content-type/-/content-type-2.0.0.tgz 6269ms (cache miss)
745 http fetch GET 200 https://registry.npmjs.org/whatwg-mimetype/-/whatwg-mimetype-4.0.0.tgz 6353ms (cache miss)
746 http fetch GET 200 https://registry.npmjs.org/side-channel/-/side-channel-1.1.1.tgz 6562ms (cache miss)
747 http fetch GET 200 https://registry.npmjs.org/side-channel-map/-/side-channel-map-1.0.1.tgz 6630ms (cache miss)
748 http fetch GET 200 https://registry.npmjs.org/function-bind/-/function-bind-1.1.2.tgz 6706ms (cache miss)
749 http fetch GET 200 https://registry.npmjs.org/depd/-/depd-2.0.0.tgz 6549ms (cache miss)
750 http fetch GET 200 https://registry.npmjs.org/safer-buffer/-/safer-buffer-2.1.2.tgz 6661ms (cache miss)
751 http fetch GET 200 https://registry.npmjs.org/cookie/-/cookie-0.7.2.tgz 6560ms (cache miss)
752 http fetch GET 200 https://registry.npmjs.org/negotiator/-/negotiator-1.0.0.tgz 6673ms (cache miss)
753 http fetch GET 200 https://registry.npmjs.org/call-bound/-/call-bound-1.0.4.tgz 6763ms (cache miss)
754 http fetch GET 200 https://registry.npmjs.org/cors/-/cors-2.8.6.tgz 6532ms (cache miss)
755 http fetch GET 200 https://registry.npmjs.org/es-errors/-/es-errors-1.3.0.tgz 6788ms (cache miss)
756 http fetch GET 200 https://registry.npmjs.org/dunder-proto/-/dunder-proto-1.0.1.tgz 6701ms (cache miss)
757 http fetch GET 200 https://registry.npmjs.org/has-symbols/-/has-symbols-1.1.0.tgz 6981ms (cache miss)
758 http fetch GET 200 https://registry.npmjs.org/get-intrinsic/-/get-intrinsic-1.3.0.tgz 6973ms (cache miss)
759 http fetch GET 200 https://registry.npmjs.org/path-to-regexp/-/path-to-regexp-8.4.2.tgz 7036ms (cache miss)
760 http fetch GET 200 https://registry.npmjs.org/debug/-/debug-4.4.3.tgz 6892ms (cache miss)
761 http fetch GET 200 https://registry.npmjs.org/body-parser/-/body-parser-2.3.0.tgz 6910ms (cache miss)
762 http fetch GET 200 https://registry.npmjs.org/express/-/express-5.2.1.tgz 6941ms (cache miss)
763 http fetch GET 200 https://registry.npmjs.org/nth-check/-/nth-check-2.1.1.tgz 7049ms (cache miss)
764 http fetch GET 200 https://registry.npmjs.org/mime-db/-/mime-db-1.54.0.tgz 7205ms (cache miss)
765 http fetch GET 200 https://registry.npmjs.org/router/-/router-2.2.0.tgz 7159ms (cache miss)
766 http fetch GET 200 https://registry.npmjs.org/encoding-sniffer/-/encoding-sniffer-0.2.1.tgz 7032ms (cache miss)
767 http fetch GET 200 https://registry.npmjs.org/cheerio-select/-/cheerio-select-2.1.0.tgz 7084ms (cache miss)
768 http fetch GET 200 https://registry.npmjs.org/domhandler/-/domhandler-5.0.3.tgz 7121ms (cache miss)
769 http fetch GET 200 https://registry.npmjs.org/math-intrinsics/-/math-intrinsics-1.1.0.tgz 7449ms (cache miss)
770 http fetch GET 200 https://registry.npmjs.org/css-what/-/css-what-6.2.2.tgz 7269ms (cache miss)
771 http fetch GET 200 https://registry.npmjs.org/qs/-/qs-6.15.2.tgz 7761ms (cache miss)
772 http fetch GET 200 https://registry.npmjs.org/object-inspect/-/object-inspect-1.13.4.tgz 7920ms (cache miss)
773 http fetch GET 200 https://registry.npmjs.org/iconv-lite/-/iconv-lite-0.7.2.tgz 7963ms (cache miss)
774 http fetch GET 200 https://registry.npmjs.org/htmlparser2/-/htmlparser2-10.1.0.tgz 8147ms (cache miss)
775 http fetch GET 200 https://registry.npmjs.org/iconv-lite/-/iconv-lite-0.6.3.tgz 8194ms (cache miss)
776 http fetch GET 200 https://registry.npmjs.org/domutils/-/domutils-3.2.2.tgz 8215ms (cache miss)
777 http fetch GET 200 https://registry.npmjs.org/iconv-lite/-/iconv-lite-0.7.2.tgz 8215ms (cache miss)
778 http fetch GET 200 https://registry.npmjs.org/entities/-/entities-4.5.0.tgz 8399ms (cache miss)
779 http fetch GET 200 https://registry.npmjs.org/parse5/-/parse5-7.3.0.tgz 8752ms (cache miss)
780 http fetch GET 200 https://registry.npmjs.org/entities/-/entities-6.0.1.tgz 8932ms (cache miss)
781 http fetch GET 200 https://registry.npmjs.org/css-select/-/css-select-5.2.2.tgz 8608ms (cache miss)
782 http fetch GET 200 https://registry.npmjs.org/entities/-/entities-7.0.1.tgz 9200ms (cache miss)
783 http fetch GET 200 https://registry.npmjs.org/cheerio/-/cheerio-1.2.0.tgz 9994ms (cache miss)
784 http fetch GET 200 https://registry.npmjs.org/undici/-/undici-7.28.0.tgz 10110ms (cache miss)
785 silly ADD node_modules/media-typer
786 silly ADD node_modules/dunder-proto
787 silly ADD node_modules/math-intrinsics
788 silly ADD node_modules/hasown
789 silly ADD node_modules/has-symbols
790 silly ADD node_modules/gopd
791 silly ADD node_modules/get-proto
792 silly ADD node_modules/es-object-atoms
793 silly ADD node_modules/es-define-property
794 silly ADD node_modules/function-bind
795 silly ADD node_modules/call-bind-apply-helpers
796 silly ADD node_modules/get-intrinsic
797 silly ADD node_modules/call-bound
798 silly ADD node_modules/side-channel-weakmap
799 silly ADD node_modules/side-channel-map
800 silly ADD node_modules/side-channel-list
801 silly ADD node_modules/object-inspect
802 silly ADD node_modules/es-errors
803 silly ADD node_modules/path-to-regexp
804 silly ADD node_modules/is-promise
805 silly ADD node_modules/unpipe
806 silly ADD node_modules/side-channel
807 silly ADD node_modules/ipaddr.js
808 silly ADD node_modules/forwarded
809 silly ADD node_modules/wrappy
810 silly ADD node_modules/ee-first
811 silly ADD node_modules/mime-db
812 silly ADD node_modules/safer-buffer
813 silly ADD node_modules/toidentifier
814 silly ADD node_modules/setprototypeof
815 silly ADD node_modules/inherits
816 silly ADD node_modules/ms
817 silly ADD node_modules/raw-body
818 silly ADD node_modules/raw-body/node_modules/iconv-lite
819 silly ADD node_modules/bytes
820 silly ADD node_modules/negotiator
821 silly ADD node_modules/type-is
822 silly ADD node_modules/type-is/node_modules/content-type
823 silly ADD node_modules/statuses
824 silly ADD node_modules/serve-static
825 silly ADD node_modules/send
826 silly ADD node_modules/router
827 silly ADD node_modules/range-parser
828 silly ADD node_modules/qs
829 silly ADD node_modules/proxy-addr
830 silly ADD node_modules/parseurl
831 silly ADD node_modules/once
832 silly ADD node_modules/on-finished
833 silly ADD node_modules/mime-types
834 silly ADD node_modules/merge-descriptors
835 silly ADD node_modules/http-errors
836 silly ADD node_modules/fresh
837 silly ADD node_modules/finalhandler
838 silly ADD node_modules/etag
839 silly ADD node_modules/escape-html
840 silly ADD node_modules/encodeurl
841 silly ADD node_modules/depd
842 silly ADD node_modules/debug
843 silly ADD node_modules/cookie-signature
844 silly ADD node_modules/cookie
845 silly ADD node_modules/content-type
846 silly ADD node_modules/content-disposition
847 silly ADD node_modules/body-parser
848 silly ADD node_modules/body-parser/node_modules/iconv-lite
849 silly ADD node_modules/body-parser/node_modules/content-type
850 silly ADD node_modules/accepts
851 silly ADD node_modules/whatwg-encoding
852 silly ADD node_modules/iconv-lite
853 silly ADD node_modules/entities
854 silly ADD node_modules/nth-check
855 silly ADD node_modules/vary
856 silly ADD node_modules/object-assign
857 silly ADD node_modules/domelementtype
858 silly ADD node_modules/css-what
859 silly ADD node_modules/css-select
860 silly ADD node_modules/boolbase
861 silly ADD node_modules/whatwg-mimetype
862 silly ADD node_modules/undici
863 silly ADD node_modules/parse5-parser-stream
864 silly ADD node_modules/parse5-htmlparser2-tree-adapter
865 silly ADD node_modules/parse5
866 silly ADD node_modules/parse5/node_modules/entities
867 silly ADD node_modules/htmlparser2
868 silly ADD node_modules/htmlparser2/node_modules/entities
869 silly ADD node_modules/encoding-sniffer
870 silly ADD node_modules/domutils
871 silly ADD node_modules/domhandler
872 silly ADD node_modules/dom-serializer
873 silly ADD node_modules/cheerio-select
874 silly ADD node_modules/express
875 silly ADD node_modules/cors
876 silly ADD node_modules/cheerio
877 verbose cwd /public/Mizu/backend
878 verbose os Linux 4.19.191-g41a80bb8d033-dirty
879 verbose node v22.22.2
880 verbose npm  v10.9.1
881 verbose exit 0
882 info ok
